<?xml version="1.0" encoding="UTF-8"?>
<testsuite xmlns:xsi="http://www.w3.org/2001/XMLSchema-instance" xsi:noNamespaceSchemaLocation="https://maven.apache.org/surefire/maven-surefire-plugin/xsd/surefire-test-report.xsd" name="com.example.library.LibraryManagerTest" time="0.026" tests="4" errors="0" skipped="0" failures="0">
  <properties>
    <property name="java.specification.version" value="17"/>
    <property name="sun.cpu.isalist" value="amd64"/>
    <property name="sun.jnu.encoding" value="Cp1252"/>
    <property name="java.class.path" value="C:\Users\aayus\OneDrive\Desktop\Summer25\OOPs\Assignment4\maven_task1\target\test-classes;C:\Users\aayus\OneDrive\Desktop\Summer25\OOPs\Assignment4\maven_task1\target\classes;C:\Users\aayus\.m2\repository\junit\junit\4.11\junit-4.11.jar;C:\Users\aayus\.m2\repository\org\hamcrest\hamcrest-core\1.3\hamcrest-core-1.3.jar;"/>
    <property name="java.vm.vendor" value="Eclipse Adoptium"/>
    <property name="sun.arch.data.model" value="64"/>
    <property name="user.variant" value=""/>
    <property name="java.vendor.url" value="https://adoptium.net/"/>
    <property name="user.timezone" value="America/New_York"/>
    <property name="os.name" value="Windows 11"/>
    <property name="java.vm.specification.version" value="17"/>
    <property name="sun.java.launcher" value="SUN_STANDARD"/>
    <property name="user.country" value="US"/>
    <property name="sun.boot.library.path" value="C:\Users\aayus\AppData\Local\Programs\Eclipse Adoptium\jdk-17.0.9.9-hotspot\bin"/>
    <property name="sun.java.command" value="C:\Users\aayus\AppData\Local\Temp\surefire55310151765871468\surefirebooter1099515743635443254.jar C:\Users\aayus\AppData\Local\Temp\surefire55310151765871468 2025-08-04T15-18-34_029-jvmRun1 surefire18101233523590931186tmp surefire_09629363531851287634tmp"/>
    <property name="jdk.debug" value="release"/>
    <property name="surefire.test.class.path" value="C:\Users\aayus\OneDrive\Desktop\Summer25\OOPs\Assignment4\maven_task1\target\test-classes;C:\Users\aayus\OneDrive\Desktop\Summer25\OOPs\Assignment4\maven_task1\target\classes;C:\Users\aayus\.m2\repository\junit\junit\4.11\junit-4.11.jar;C:\Users\aayus\.m2\repository\org\hamcrest\hamcrest-core\1.3\hamcrest-core-1.3.jar;"/>
    <property name="sun.cpu.endian" value="little"/>
    <property name="user.home" value="C:\Users\aayus"/>
    <property name="user.language" value="en"/>
    <property name="java.specification.vendor" value="Oracle Corporation"/>
    <property name="java.version.date" value="2023-10-17"/>
    <property name="java.home" value="C:\Users\aayus\AppData\Local\Programs\Eclipse Adoptium\jdk-17.0.9.9-hotspot"/>
    <property name="file.separator" value="\"/>
    <property name="basedir" value="C:\Users\aayus\OneDrive\Desktop\Summer25\OOPs\Assignment4\maven_task1"/>
    <property name="java.vm.compressedOopsMode" value="Zero based"/>
    <property name="line.separator" value="&#10;"/>
    <property name="java.vm.specification.vendor" value="Oracle Corporation"/>
    <property name="java.specification.name" value="Java Platform API Specification"/>
    <property name="surefire.real.class.path" value="C:\Users\aayus\AppData\Local\Temp\surefire55310151765871468\surefirebooter1099515743635443254.jar"/>
    <property name="user.script" value=""/>
    <property name="sun.management.compiler" value="HotSpot 64-Bit Tiered Compilers"/>
    <property name="java.runtime.version" value="17.0.9+9"/>
    <property name="user.name" value="aayus"/>
    <property name="path.separator" value=";"/>
    <property name="os.version" value="10.0"/>
    <property name="java.runtime.name" value="OpenJDK Runtime Environment"/>
    <property name="file.encoding" value="Cp1252"/>
    <property name="java.vm.name" value="OpenJDK 64-Bit Server VM"/>
    <property name="java.vendor.version" value="Temurin-17.0.9+9"/>
    <property name="localRepository" value="C:\Users\aayus\.m2\repository"/>
    <property name="java.vendor.url.bug" value="https://github.com/adoptium/adoptium-support/issues"/>
    <property name="java.io.tmpdir" value="C:\Users\aayus\AppData\Local\Temp\"/>
    <property name="java.version" value="17.0.9"/>
    <property name="user.dir" value="C:\Users\aayus\OneDrive\Desktop\Summer25\OOPs\Assignment4\maven_task1"/>
    <property name="os.arch" value="amd64"/>
    <property name="java.vm.specification.name" value="Java Virtual Machine Specification"/>
    <property name="sun.os.patch.level" value=""/>
    <property name="native.encoding" value="Cp1252"/>
    <property name="java.library.path" value="C:\Users\aayus\AppData\Local\Programs\Eclipse Adoptium\jdk-17.0.9.9-hotspot\bin;C:\WINDOWS\Sun\Java\bin;C:\WINDOWS\system32;C:\WINDOWS;C:\Users\aayus\bin;C:\Program Files\Git\mingw64\bin;C:\Program Files\Git\usr\local\bin;C:\Program Files\Git\usr\bin;C:\Program Files\Git\usr\bin;C:\Program Files\Git\mingw64\bin;C:\Program Files\Git\usr\bin;C:\Users\aayus\bin;C:\Program Files (x86)\Common Files\Intel\Shared Libraries\redist\intel64\compiler;C:\Program Files\Common Files\Oracle\Java\javapath;C:\Program Files (x86)\Common Files\Oracle\Java\javapath;C:\Program Files\Oculus\Support\oculus-runtime;C:\WINDOWS\system32;C:\WINDOWS;C:\WINDOWS\System32\Wbem;C:\WINDOWS\System32\WindowsPowerShell\v1.0;C:\WINDOWS\System32\OpenSSH;C:\Program Files\Git\cmd;C:\Program Files (x86)\NVIDIA Corporation\PhysX\Common;C:\Program Files\NVIDIA Corporation\NVIDIA NvDLISR;C:\Program Files\dotnet;C:\Program Files\nodejs;C:\Users\aayus\AppData\Local\Programs\Python\Python312;C:\Users\aayus\AppData\Local\Programs\Python\Python312\Scripts;C:\Program Files\apache-maven-3.9.8\bin;C:\WINDOWS\system32;C:\WINDOWS;C:\WINDOWS\System32\Wbem;C:\WINDOWS\System32\WindowsPowerShell\v1.0;C:\WINDOWS\System32\OpenSSH;C:\Users\aayus\AppData\Local\Programs\Python\Launcher;C:\Users\aayus\AppData\Local\Programs\Eclipse Adoptium\jdk-17.0.9.9-hotspot\bin;C:\Users\aayus\.console-ninja\.bin;C:\Users\aayus\AppData\Local\Microsoft\WindowsApps;C:\Users\aayus\AppData\Local\Programs\Microsoft VS Code\bin;C:\msys64\ucrt64\bin;C:\UnLockCatch\tools\vcruntime;C:\Program Files\heroku\bin;C:\Users\aayus\AppData\Local\GitHubDesktop\bin;C:\Users\aayus\OneDrive\Desktop\mongosh-2.1.0-win32-x64\mongosh-2.1.0-win32-x64\bin;C:\Users\aayus\AppData\Roaming\npm;C:\Users\aayus\OneDrive\Desktop\CSC251\apache-maven-3.9.8-bin.zip\apache-maven-3.9.8\bin;%USERPROFILE%\AppData\Local\Microsoft\WindowsApps;C:\Users\aayus\AppData\Roaming\Code\User\globalStorage\github.copilot-chat\debugCommand;C:\Program Files\Git\usr\bin\vendor_perl;C:\Program Files\Git\usr\bin\core_perl;."/>
    <property name="java.vm.info" value="mixed mode, sharing"/>
    <property name="java.vendor" value="Eclipse Adoptium"/>
    <property name="java.vm.version" value="17.0.9+9"/>
    <property name="sun.io.unicode.encoding" value="UnicodeLittle"/>
    <property name="java.class.version" value="61.0"/>
  </properties>
  <testcase name="testUpdateBookDetails" classname="com.example.library.LibraryManagerTest" time="0.001"/>
  <testcase name="testAddBook" classname="com.example.library.LibraryManagerTest" time="0.002"/>
  <testcase name="testSearchByTitle" classname="com.example.library.LibraryManagerTest" time="0"/>
  <testcase name="testUpdateBookDetailsNonExistingBook" classname="com.example.library.LibraryManagerTest" time="0"/>
</testsuite>